2022-10-06 7:19:33 - PHP Unknown:  mysqli::real_escape_string(): Passing null to parameter #1 ($string) of type string is deprecated in /home/t/t9521842/testtask/public_html/system/library/db/mysqli.php on line 53
2022-10-06 7:19:33 - PHP Warning:  Cannot modify header information - headers already sent by (output started at /home/t/t9521842/testtask/public_html/system/framework.php:42) in /home/t/t9521842/testtask/public_html/catalog/controller/startup/session.php on line 25
2022-10-06 7:19:33 - PHP Unknown:  Automatic conversion of false to array is deprecated in /home/t/t9521842/testtask/public_html/catalog/controller/startup/startup.php on line 103
2022-10-06 7:19:33 - PHP Unknown:  Return type of Twig\Node\Node::count() should either be compatible with Countable::count(): int, or the #[\ReturnTypeWillChange] attribute should be used to temporarily suppress the notice in /home/t/t9521842/testtask/storage/vendor/twig/twig/src/Node/Node.php on line 161
2022-10-06 7:19:33 - PHP Unknown:  Return type of Twig\Node\Node::getIterator() should either be compatible with IteratorAggregate::getIterator(): Traversable, or the #[\ReturnTypeWillChange] attribute should be used to temporarily suppress the notice in /home/t/t9521842/testtask/storage/vendor/twig/twig/src/Node/Node.php on line 166
2022-10-06 7:19:33 - PHP Unknown:  round(): Passing null to parameter #1 ($num) of type int|float is deprecated in /home/t/t9521842/testtask/public_html/catalog/model/catalog/product.php on line 45
2022-10-06 7:19:33 - PHP Unknown:  round(): Passing null to parameter #1 ($num) of type int|float is deprecated in /home/t/t9521842/testtask/public_html/catalog/model/catalog/product.php on line 45
2022-10-06 7:19:33 - PHP Unknown:  round(): Passing null to parameter #1 ($num) of type int|float is deprecated in /home/t/t9521842/testtask/public_html/catalog/model/catalog/product.php on line 45
2022-10-06 7:19:33 - PHP Unknown:  round(): Passing null to parameter #1 ($num) of type int|float is deprecated in /home/t/t9521842/testtask/public_html/catalog/model/catalog/product.php on line 45
2022-10-06 7:19:46 - PHP Unknown:  mysqli::real_escape_string(): Passing null to parameter #1 ($string) of type string is deprecated in /home/t/t9521842/testtask/public_html/system/library/db/mysqli.php on line 53
2022-10-06 7:19:46 - PHP Warning:  Cannot modify header information - headers already sent by (output started at /home/t/t9521842/testtask/public_html/system/framework.php:42) in /home/t/t9521842/testtask/public_html/catalog/controller/startup/session.php on line 25
2022-10-06 7:19:46 - PHP Unknown:  Return type of Twig\Node\Node::count() should either be compatible with Countable::count(): int, or the #[\ReturnTypeWillChange] attribute should be used to temporarily suppress the notice in /home/t/t9521842/testtask/storage/vendor/twig/twig/src/Node/Node.php on line 161
2022-10-06 7:19:46 - PHP Unknown:  Return type of Twig\Node\Node::getIterator() should either be compatible with IteratorAggregate::getIterator(): Traversable, or the #[\ReturnTypeWillChange] attribute should be used to temporarily suppress the notice in /home/t/t9521842/testtask/storage/vendor/twig/twig/src/Node/Node.php on line 166
2022-10-06 7:21:40 - PHP Unknown:  mysqli::real_escape_string(): Passing null to parameter #1 ($string) of type string is deprecated in /home/t/t9521842/testtask/public_html/system/library/db/mysqli.php on line 53
2022-10-06 7:21:40 - PHP Warning:  Cannot modify header information - headers already sent by (output started at /home/t/t9521842/testtask/public_html/system/framework.php:42) in /home/t/t9521842/testtask/public_html/catalog/controller/startup/session.php on line 25
2022-10-06 7:21:40 - PHP Unknown:  round(): Passing null to parameter #1 ($num) of type int|float is deprecated in /home/t/t9521842/testtask/public_html/catalog/model/catalog/product.php on line 45
2022-10-06 7:21:40 - PHP Unknown:  round(): Passing null to parameter #1 ($num) of type int|float is deprecated in /home/t/t9521842/testtask/public_html/catalog/model/catalog/product.php on line 45
2022-10-06 7:21:40 - PHP Unknown:  round(): Passing null to parameter #1 ($num) of type int|float is deprecated in /home/t/t9521842/testtask/public_html/catalog/model/catalog/product.php on line 45
2022-10-06 7:21:40 - PHP Unknown:  round(): Passing null to parameter #1 ($num) of type int|float is deprecated in /home/t/t9521842/testtask/public_html/catalog/model/catalog/product.php on line 45
2022-10-06 7:23:15 - PHP Unknown:  mysqli::real_escape_string(): Passing null to parameter #1 ($string) of type string is deprecated in /home/t/t9521842/testtask/public_html/system/library/db/mysqli.php on line 53
2022-10-06 7:23:15 - PHP Warning:  Cannot modify header information - headers already sent by (output started at /home/t/t9521842/testtask/public_html/system/framework.php:42) in /home/t/t9521842/testtask/public_html/catalog/controller/startup/session.php on line 25
2022-10-06 7:24:38 - PHP Unknown:  mysqli::real_escape_string(): Passing null to parameter #1 ($string) of type string is deprecated in /home/t/t9521842/testtask/public_html/system/library/db/mysqli.php on line 53
2022-10-06 7:24:38 - PHP Warning:  Cannot modify header information - headers already sent by (output started at /home/t/t9521842/testtask/public_html/system/framework.php:42) in /home/t/t9521842/testtask/public_html/catalog/controller/startup/session.php on line 25
2022-10-06 7:24:38 - PHP Unknown:  round(): Passing null to parameter #1 ($num) of type int|float is deprecated in /home/t/t9521842/testtask/public_html/catalog/model/catalog/product.php on line 45
2022-10-06 7:24:38 - PHP Unknown:  round(): Passing null to parameter #1 ($num) of type int|float is deprecated in /home/t/t9521842/testtask/public_html/catalog/model/catalog/product.php on line 45
2022-10-06 7:24:38 - PHP Unknown:  round(): Passing null to parameter #1 ($num) of type int|float is deprecated in /home/t/t9521842/testtask/public_html/catalog/model/catalog/product.php on line 45
2022-10-06 7:24:38 - PHP Unknown:  round(): Passing null to parameter #1 ($num) of type int|float is deprecated in /home/t/t9521842/testtask/public_html/catalog/model/catalog/product.php on line 45
2022-10-06 7:28:20 - PHP Unknown:  mysqli::real_escape_string(): Passing null to parameter #1 ($string) of type string is deprecated in /home/t/t9521842/testtask/public_html/system/library/db/mysqli.php on line 53
2022-10-06 7:28:20 - PHP Warning:  Cannot modify header information - headers already sent by (output started at /home/t/t9521842/testtask/public_html/system/framework.php:42) in /home/t/t9521842/testtask/public_html/catalog/controller/startup/session.php on line 25
2022-10-06 7:31:28 - PHP Unknown:  mysqli::real_escape_string(): Passing null to parameter #1 ($string) of type string is deprecated in /home/t/t9521842/testtask/public_html/system/library/db/mysqli.php on line 53
2022-10-06 7:31:28 - PHP Warning:  Cannot modify header information - headers already sent by (output started at /home/t/t9521842/testtask/public_html/system/framework.php:42) in /home/t/t9521842/testtask/public_html/catalog/controller/startup/session.php on line 25
2022-10-06 7:31:28 - PHP Unknown:  round(): Passing null to parameter #1 ($num) of type int|float is deprecated in /home/t/t9521842/testtask/public_html/catalog/model/catalog/product.php on line 45
2022-10-06 7:31:28 - PHP Unknown:  round(): Passing null to parameter #1 ($num) of type int|float is deprecated in /home/t/t9521842/testtask/public_html/catalog/model/catalog/product.php on line 45
2022-10-06 7:31:28 - PHP Unknown:  round(): Passing null to parameter #1 ($num) of type int|float is deprecated in /home/t/t9521842/testtask/public_html/catalog/model/catalog/product.php on line 45
2022-10-06 7:31:28 - PHP Unknown:  round(): Passing null to parameter #1 ($num) of type int|float is deprecated in /home/t/t9521842/testtask/public_html/catalog/model/catalog/product.php on line 45
2022-10-06 7:31:35 - PHP Unknown:  mysqli::real_escape_string(): Passing null to parameter #1 ($string) of type string is deprecated in /home/t/t9521842/testtask/public_html/system/library/db/mysqli.php on line 53
2022-10-06 7:31:35 - PHP Warning:  Cannot modify header information - headers already sent by (output started at /home/t/t9521842/testtask/public_html/system/framework.php:42) in /home/t/t9521842/testtask/public_html/catalog/controller/startup/session.php on line 25
2022-10-06 7:31:35 - PHP Unknown:  round(): Passing null to parameter #1 ($num) of type int|float is deprecated in /home/t/t9521842/testtask/public_html/catalog/model/catalog/product.php on line 45
2022-10-06 7:31:40 - PHP Unknown:  mysqli::real_escape_string(): Passing null to parameter #1 ($string) of type string is deprecated in /home/t/t9521842/testtask/public_html/system/library/db/mysqli.php on line 53
2022-10-06 7:31:40 - PHP Warning:  Cannot modify header information - headers already sent by (output started at /home/t/t9521842/testtask/public_html/system/framework.php:42) in /home/t/t9521842/testtask/public_html/catalog/controller/startup/session.php on line 25
2022-10-06 7:31:40 - PHP Unknown:  round(): Passing null to parameter #1 ($num) of type int|float is deprecated in /home/t/t9521842/testtask/public_html/catalog/model/catalog/product.php on line 45
2022-10-06 7:31:40 - PHP Unknown:  round(): Passing null to parameter #1 ($num) of type int|float is deprecated in /home/t/t9521842/testtask/public_html/catalog/model/catalog/product.php on line 45
2022-10-06 7:31:40 - PHP Unknown:  round(): Passing null to parameter #1 ($num) of type int|float is deprecated in /home/t/t9521842/testtask/public_html/catalog/model/catalog/product.php on line 45
2022-10-06 7:31:40 - PHP Unknown:  round(): Passing null to parameter #1 ($num) of type int|float is deprecated in /home/t/t9521842/testtask/public_html/catalog/model/catalog/product.php on line 45
2022-10-06 7:31:44 - PHP Unknown:  mysqli::real_escape_string(): Passing null to parameter #1 ($string) of type string is deprecated in /home/t/t9521842/testtask/public_html/system/library/db/mysqli.php on line 53
2022-10-06 7:31:44 - PHP Warning:  Cannot modify header information - headers already sent by (output started at /home/t/t9521842/testtask/public_html/system/framework.php:42) in /home/t/t9521842/testtask/public_html/catalog/controller/startup/session.php on line 25
2022-10-06 7:31:44 - PHP Unknown:  Return type of Twig\Node\Node::count() should either be compatible with Countable::count(): int, or the #[\ReturnTypeWillChange] attribute should be used to temporarily suppress the notice in /home/t/t9521842/testtask/storage/vendor/twig/twig/src/Node/Node.php on line 161
2022-10-06 7:31:44 - PHP Unknown:  Return type of Twig\Node\Node::getIterator() should either be compatible with IteratorAggregate::getIterator(): Traversable, or the #[\ReturnTypeWillChange] attribute should be used to temporarily suppress the notice in /home/t/t9521842/testtask/storage/vendor/twig/twig/src/Node/Node.php on line 166
2022-10-06 7:31:45 - PHP Unknown:  mysqli::real_escape_string(): Passing null to parameter #1 ($string) of type string is deprecated in /home/t/t9521842/testtask/public_html/system/library/db/mysqli.php on line 53
2022-10-06 7:31:45 - PHP Warning:  Cannot modify header information - headers already sent by (output started at /home/t/t9521842/testtask/public_html/system/framework.php:42) in /home/t/t9521842/testtask/public_html/catalog/controller/startup/session.php on line 25
2022-10-06 7:31:50 - PHP Unknown:  mysqli::real_escape_string(): Passing null to parameter #1 ($string) of type string is deprecated in /home/t/t9521842/testtask/public_html/system/library/db/mysqli.php on line 53
2022-10-06 7:31:50 - PHP Warning:  Cannot modify header information - headers already sent by (output started at /home/t/t9521842/testtask/public_html/system/framework.php:42) in /home/t/t9521842/testtask/public_html/catalog/controller/startup/session.php on line 25
2022-10-06 7:31:50 - PHP Unknown:  round(): Passing null to parameter #1 ($num) of type int|float is deprecated in /home/t/t9521842/testtask/public_html/catalog/model/catalog/product.php on line 45
2022-10-06 7:31:50 - PHP Unknown:  round(): Passing null to parameter #1 ($num) of type int|float is deprecated in /home/t/t9521842/testtask/public_html/catalog/model/catalog/product.php on line 45
2022-10-06 7:31:50 - PHP Unknown:  round(): Passing null to parameter #1 ($num) of type int|float is deprecated in /home/t/t9521842/testtask/public_html/catalog/model/catalog/product.php on line 45
2022-10-06 7:31:50 - PHP Unknown:  round(): Passing null to parameter #1 ($num) of type int|float is deprecated in /home/t/t9521842/testtask/public_html/catalog/model/catalog/product.php on line 45
